<?xml version="1.0" encoding="UTF-8"?>
<testng-results ignored="0" total="2" passed="2" failed="0" skipped="0">
  <reporter-output>
  </reporter-output>
  <suite started-at="2023-06-08T10:38:10Z" name="SeleniumTestRailUpdation" finished-at="2023-06-08T10:38:49Z" duration-ms="38521">
    <groups>
    </groups>
    <test started-at="2023-06-08T10:38:10Z" name="Test Basics 1" finished-at="2023-06-08T10:38:49Z" duration-ms="38521">
      <class name="GoogleTest">
        <test-method signature="sendSerachTestToGoogle()[pri:0, instance:GoogleTest@57250572]" started-at="2023-06-08T10:38:10Z" name="sendSerachTestToGoogle" finished-at="2023-06-08T10:38:44Z" duration-ms="33799" status="PASS">
          <reporter-output>
          </reporter-output>
        </test-method> <!-- sendSerachTestToGoogle -->
        <test-method is-config="true" signature="addTestResultToTestRail(org.testng.ITestResult)[pri:0, instance:GoogleTest@57250572]" started-at="2023-06-08T10:38:44Z" name="addTestResultToTestRail" finished-at="2023-06-08T10:38:45Z" duration-ms="1610" status="PASS">
          <params>
            <param index="0">
              <value>
                <![CDATA[[TestResult name=sendSerachTestToGoogle status=SUCCESS method=GoogleTest.sendSerachTestToGoogle()[pri:0, instance:GoogleTest@57250572] output={null}]]]>
              </value>
            </param>
          </params>
          <reporter-output>
          </reporter-output>
        </test-method> <!-- addTestResultToTestRail -->
        <test-method signature="validateGoogleImage()[pri:0, instance:GoogleTest@57250572]" started-at="2023-06-08T10:38:45Z" name="validateGoogleImage" finished-at="2023-06-08T10:38:48Z" duration-ms="2561" status="PASS">
          <reporter-output>
          </reporter-output>
        </test-method> <!-- validateGoogleImage -->
        <test-method is-config="true" signature="addTestResultToTestRail(org.testng.ITestResult)[pri:0, instance:GoogleTest@57250572]" started-at="2023-06-08T10:38:48Z" name="addTestResultToTestRail" finished-at="2023-06-08T10:38:49Z" duration-ms="543" status="PASS">
          <params>
            <param index="0">
              <value>
                <![CDATA[[TestResult name=validateGoogleImage status=SUCCESS method=GoogleTest.validateGoogleImage()[pri:0, instance:GoogleTest@57250572] output={null}]]]>
              </value>
            </param>
          </params>
          <reporter-output>
          </reporter-output>
        </test-method> <!-- addTestResultToTestRail -->
      </class> <!-- GoogleTest -->
    </test> <!-- Test Basics 1 -->
  </suite> <!-- SeleniumTestRailUpdation -->
</testng-results>
