<?xml version="1.0" encoding="UTF-8"?>
<testng-results ignored="0" total="2" passed="2" failed="0" skipped="0">
  <reporter-output>
  </reporter-output>
  <suite started-at="2023-06-08T13:08:21Z" name="SeleniumTestRailUpdation" finished-at="2023-06-08T13:08:34Z" duration-ms="12804">
    <groups>
    </groups>
    <test started-at="2023-06-08T13:08:21Z" name="Test Basics 1" finished-at="2023-06-08T13:08:34Z" duration-ms="12804">
      <class name="GoogleTest">
        <test-method signature="sendSerachTestToGoogle(java.lang.String)[pri:0, instance:GoogleTest@2118cddf]" started-at="2023-06-08T13:08:21Z" name="sendSerachTestToGoogle" finished-at="2023-06-08T13:08:26Z" duration-ms="5373" status="PASS">
          <params>
            <param index="0">
              <value>
                <![CDATA[Firefox]]>
              </value>
            </param>
          </params>
          <reporter-output>
          </reporter-output>
        </test-method> <!-- sendSerachTestToGoogle -->
        <test-method is-config="true" signature="addTestResultToTestRail(org.testng.ITestResult)[pri:0, instance:GoogleTest@2118cddf]" started-at="2023-06-08T13:08:26Z" name="addTestResultToTestRail" finished-at="2023-06-08T13:08:28Z" duration-ms="1856" status="PASS">
          <params>
            <param index="0">
              <value>
                <![CDATA[[TestResult name=sendSerachTestToGoogle status=SUCCESS method=GoogleTest.sendSerachTestToGoogle(java.lang.String)[pri:0, instance:GoogleTest@2118cddf] output={null}]]]>
              </value>
            </param>
          </params>
          <reporter-output>
          </reporter-output>
        </test-method> <!-- addTestResultToTestRail -->
        <test-method signature="validateGoogleImage(java.lang.String)[pri:0, instance:GoogleTest@2118cddf]" started-at="2023-06-08T13:08:28Z" name="validateGoogleImage" finished-at="2023-06-08T13:08:33Z" duration-ms="4859" status="PASS">
          <params>
            <param index="0">
              <value>
                <![CDATA[Firefox]]>
              </value>
            </param>
          </params>
          <reporter-output>
          </reporter-output>
        </test-method> <!-- validateGoogleImage -->
        <test-method is-config="true" signature="addTestResultToTestRail(org.testng.ITestResult)[pri:0, instance:GoogleTest@2118cddf]" started-at="2023-06-08T13:08:33Z" name="addTestResultToTestRail" finished-at="2023-06-08T13:08:34Z" duration-ms="708" status="PASS">
          <params>
            <param index="0">
              <value>
                <![CDATA[[TestResult name=validateGoogleImage status=SUCCESS method=GoogleTest.validateGoogleImage(java.lang.String)[pri:0, instance:GoogleTest@2118cddf] output={null}]]]>
              </value>
            </param>
          </params>
          <reporter-output>
          </reporter-output>
        </test-method> <!-- addTestResultToTestRail -->
      </class> <!-- GoogleTest -->
    </test> <!-- Test Basics 1 -->
  </suite> <!-- SeleniumTestRailUpdation -->
</testng-results>
